# JRE version: Java(TM) SE Runtime Environment (8.0_77-b03) (build 1.8.0_77-b03)
# Java VM: Java HotSpot(TM) 64-Bit Server VM (25.77-b03 mixed mode windows-amd64 compressed oops)
Heap:
 PSYoungGen      total 177664K, used 113878K [0x0000000780000000, 0x000000078df80000, 0x00000007c0000000)
  eden space 158720K, 65% used [0x0000000780000000,0x000000078657e2c0,0x0000000789b00000)
  from space 18944K, 52% used [0x000000078ad00000,0x000000078b6b7728,0x000000078bf80000)
  to   space 18432K, 0% used [0x0000000789b00000,0x0000000789b00000,0x000000078ad00000)
 ParOldGen       total 179712K, used 32854K [0x0000000700000000, 0x000000070af80000, 0x0000000780000000)
  object space 179712K, 18% used [0x0000000700000000,0x0000000702015bc0,0x000000070af80000)
 Metaspace       used 70196K, capacity 70751K, committed 71256K, reserved 1112064K
  class space    used 8915K, capacity 9063K, committed 9088K, reserved 1048576K
GC Heap History (10 events):
Event: 39.949 GC heap before
{Heap before GC invocations=7 (full 2):
 PSYoungGen      total 103936K, used 8164K [0x0000000780000000, 0x000000078c400000, 0x00000007c0000000)
  eden space 95744K, 0% used [0x0000000780000000,0x0000000780000000,0x0000000785d80000)
  from space 8192K, 99% used [0x0000000785d80000,0x0000000786579390,0x0000000786580000)
  to   space 17920K, 0% used [0x000000078b280000,0x000000078b280000,0x000000078c400000)
 ParOldGen       total 73216K, used 19185K [0x0000000700000000, 0x0000000704780000, 0x0000000780000000)
  object space 73216K, 26% used [0x0000000700000000,0x00000007012bc7d8,0x0000000704780000)
 Metaspace       used 35007K, capacity 35238K, committed 35456K, reserved 1081344K
  class space    used 3882K, capacity 3967K, committed 3968K, reserved 1048576K
Event: 40.063 GC heap after
Heap after GC invocations=7 (full 2):
 PSYoungGen      total 103936K, used 0K [0x0000000780000000, 0x000000078c400000, 0x00000007c0000000)
  eden space 95744K, 0% used [0x0000000780000000,0x0000000780000000,0x0000000785d80000)
  from space 8192K, 0% used [0x0000000785d80000,0x0000000785d80000,0x0000000786580000)
  to   space 17920K, 0% used [0x000000078b280000,0x000000078b280000,0x000000078c400000)
 ParOldGen       total 126976K, used 23199K [0x0000000700000000, 0x0000000707c00000, 0x0000000780000000)
  object space 126976K, 18% used [0x0000000700000000,0x00000007016a7fd0,0x0000000707c00000)
 Metaspace       used 35007K, capacity 35238K, committed 35456K, reserved 1081344K
  class space    used 3882K, capacity 3967K, committed 3968K, reserved 1048576K
}
Event: 41.840 GC heap before
{Heap before GC invocations=8 (full 2):
 PSYoungGen      total 103936K, used 95744K [0x0000000780000000, 0x000000078c400000, 0x00000007c0000000)
  eden space 95744K, 100% used [0x0000000780000000,0x0000000785d80000,0x0000000785d80000)
  from space 8192K, 0% used [0x0000000785d80000,0x0000000785d80000,0x0000000786580000)
  to   space 17920K, 0% used [0x000000078b280000,0x000000078b280000,0x000000078c400000)
 ParOldGen       total 126976K, used 23199K [0x0000000700000000, 0x0000000707c00000, 0x0000000780000000)
  object space 126976K, 18% used [0x0000000700000000,0x00000007016a7fd0,0x0000000707c00000)
 Metaspace       used 42979K, capacity 43244K, committed 43520K, reserved 1087488K
  class space    used 4781K, capacity 4843K, committed 4864K, reserved 1048576K
Event: 41.849 GC heap after
Heap after GC invocations=8 (full 2):
 PSYoungGen      total 132096K, used 7929K [0x0000000780000000, 0x000000078ba80000, 0x00000007c0000000)
  eden space 123904K, 0% used [0x0000000780000000,0x0000000780000000,0x0000000787900000)
  from space 8192K, 96% used [0x000000078b280000,0x000000078ba3e680,0x000000078ba80000)
  to   space 16896K, 0% used [0x0000000789980000,0x0000000789980000,0x000000078aa00000)
 ParOldGen       total 126976K, used 23207K [0x0000000700000000, 0x0000000707c00000, 0x0000000780000000)
  object space 126976K, 18% used [0x0000000700000000,0x00000007016a9fd0,0x0000000707c00000)
 Metaspace       used 42979K, capacity 43244K, committed 43520K, reserved 1087488K
  class space    used 4781K, capacity 4843K, committed 4864K, reserved 1048576K
}
Event: 44.860 GC heap before
{Heap before GC invocations=9 (full 2):
 PSYoungGen      total 132096K, used 123512K [0x0000000780000000, 0x000000078ba80000, 0x00000007c0000000)
  eden space 123904K, 93% used [0x0000000780000000,0x00000007870dfa28,0x0000000787900000)
  from space 8192K, 96% used [0x000000078b280000,0x000000078ba3e680,0x000000078ba80000)
  to   space 16896K, 0% used [0x0000000789980000,0x0000000789980000,0x000000078aa00000)
 ParOldGen       total 126976K, used 23207K [0x0000000700000000, 0x0000000707c00000, 0x0000000780000000)
  object space 126976K, 18% used [0x0000000700000000,0x00000007016a9fd0,0x0000000707c00000)
 Metaspace       used 58468K, capacity 58729K, committed 59096K, reserved 1101824K
  class space    used 6806K, capacity 6902K, committed 6912K, reserved 1048576K
Event: 44.880 GC heap after
Heap after GC invocations=9 (full 2):
 PSYoungGen      total 174080K, used 15802K [0x0000000780000000, 0x000000078bf80000, 0x00000007c0000000)
  eden space 157184K, 0% used [0x0000000780000000,0x0000000780000000,0x0000000789980000)
  from space 16896K, 93% used [0x0000000789980000,0x000000078a8eeb98,0x000000078aa00000)
  to   space 18944K, 0% used [0x000000078ad00000,0x000000078ad00000,0x000000078bf80000)
 ParOldGen       total 126976K, used 23279K [0x0000000700000000, 0x0000000707c00000, 0x0000000780000000)
  object space 126976K, 18% used [0x0000000700000000,0x00000007016bbfe0,0x0000000707c00000)
 Metaspace       used 58468K, capacity 58729K, committed 59096K, reserved 1101824K
  class space    used 6806K, capacity 6902K, committed 6912K, reserved 1048576K
}
Event: 44.880 GC heap before
{Heap before GC invocations=10 (full 3):
 PSYoungGen      total 174080K, used 15802K [0x0000000780000000, 0x000000078bf80000, 0x00000007c0000000)
  eden space 157184K, 0% used [0x0000000780000000,0x0000000780000000,0x0000000789980000)
  from space 16896K, 93% used [0x0000000789980000,0x000000078a8eeb98,0x000000078aa00000)
  to   space 18944K, 0% used [0x000000078ad00000,0x000000078ad00000,0x000000078bf80000)
 ParOldGen       total 126976K, used 23279K [0x0000000700000000, 0x0000000707c00000, 0x0000000780000000)
  object space 126976K, 18% used [0x0000000700000000,0x00000007016bbfe0,0x0000000707c00000)
 Metaspace       used 58468K, capacity 58729K, committed 59096K, reserved 1101824K
  class space    used 6806K, capacity 6902K, committed 6912K, reserved 1048576K
Event: 45.032 GC heap after
Heap after GC invocations=10 (full 3):
 PSYoungGen      total 174080K, used 0K [0x0000000780000000, 0x000000078bf80000, 0x00000007c0000000)
  eden space 157184K, 0% used [0x0000000780000000,0x0000000780000000,0x0000000789980000)
  from space 16896K, 0% used [0x0000000789980000,0x0000000789980000,0x000000078aa00000)
  to   space 18944K, 0% used [0x000000078ad00000,0x000000078ad00000,0x000000078bf80000)
 ParOldGen       total 179712K, used 32846K [0x0000000700000000, 0x000000070af80000, 0x0000000780000000)
  object space 179712K, 18% used [0x0000000700000000,0x0000000702013bc0,0x000000070af80000)
 Metaspace       used 58461K, capacity 58721K, committed 59096K, reserved 1101824K
  class space    used 6803K, capacity 6898K, committed 6912K, reserved 1048576K
}
Event: 48.703 GC heap before
{Heap before GC invocations=11 (full 3):
 PSYoungGen      total 174080K, used 157184K [0x0000000780000000, 0x000000078bf80000, 0x00000007c0000000)
  eden space 157184K, 100% used [0x0000000780000000,0x0000000789980000,0x0000000789980000)
  from space 16896K, 0% used [0x0000000789980000,0x0000000789980000,0x000000078aa00000)
  to   space 18944K, 0% used [0x000000078ad00000,0x000000078ad00000,0x000000078bf80000)
 ParOldGen       total 179712K, used 32846K [0x0000000700000000, 0x000000070af80000, 0x0000000780000000)
  object space 179712K, 18% used [0x0000000700000000,0x0000000702013bc0,0x000000070af80000)
 Metaspace       used 66064K, capacity 66493K, committed 67032K, reserved 1107968K
  class space    used 8248K, capacity 8380K, committed 8448K, reserved 1048576K
Event: 48.715 GC heap after
Heap after GC invocations=11 (full 3):
 PSYoungGen      total 177664K, used 9949K [0x0000000780000000, 0x000000078df80000, 0x00000007c0000000)
  eden space 158720K, 0% used [0x0000000780000000,0x0000000780000000,0x0000000789b00000)
  from space 18944K, 52% used [0x000000078ad00000,0x000000078b6b7728,0x000000078bf80000)
  to   space 18432K, 0% used [0x0000000789b00000,0x0000000789b00000,0x000000078ad00000)
 ParOldGen       total 179712K, used 32854K [0x0000000700000000, 0x000000070af80000, 0x0000000780000000)
  object space 179712K, 18% used [0x0000000700000000,0x0000000702015bc0,0x000000070af80000)
 Metaspace       used 66064K, capacity 66493K, committed 67032K, reserved 1107968K
  class space    used 8248K, capacity 8380K, committed 8448K, reserved 1048576K
}

