# JRE version: Java(TM) SE Runtime Environment (8.0_77-b03) (build 1.8.0_77-b03)
# Java VM: Java HotSpot(TM) 64-Bit Server VM (25.77-b03 mixed mode windows-amd64 compressed oops)
Heap:
 PSYoungGen      total 220160K, used 15043K [0x0000000780000000, 0x000000078e800000, 0x00000007c0000000)
  eden space 205824K, 2% used [0x0000000780000000,0x0000000780555500,0x000000078c900000)
  from space 14336K, 66% used [0x000000078da00000,0x000000078e35b788,0x000000078e800000)
  to   space 15872K, 0% used [0x000000078c900000,0x000000078c900000,0x000000078d880000)
 ParOldGen       total 174080K, used 30712K [0x0000000700000000, 0x000000070aa00000, 0x0000000780000000)
  object space 174080K, 17% used [0x0000000700000000,0x0000000701dfe000,0x000000070aa00000)
 Metaspace       used 69917K, capacity 70417K, committed 70872K, reserved 1112064K
  class space    used 8787K, capacity 8932K, committed 8960K, reserved 1048576K
GC Heap History (10 events):
Event: 7.345 GC heap before
{Heap before GC invocations=9 (full 2):
 PSYoungGen      total 129024K, used 112128K [0x0000000780000000, 0x000000078c780000, 0x00000007c0000000)
  eden space 112128K, 100% used [0x0000000780000000,0x0000000786d80000,0x0000000786d80000)
  from space 16896K, 0% used [0x0000000787d80000,0x0000000787d80000,0x0000000788e00000)
  to   space 16384K, 0% used [0x0000000786d80000,0x0000000786d80000,0x0000000787d80000)
 ParOldGen       total 126976K, used 18256K [0x0000000700000000, 0x0000000707c00000, 0x0000000780000000)
  object space 126976K, 14% used [0x0000000700000000,0x00000007011d41f0,0x0000000707c00000)
 Metaspace       used 44498K, capacity 44842K, committed 45312K, reserved 1089536K
  class space    used 4901K, capacity 5009K, committed 5120K, reserved 1048576K
Event: 7.362 GC heap after
Heap after GC invocations=9 (full 2):
 PSYoungGen      total 128512K, used 10826K [0x0000000780000000, 0x000000078ca00000, 0x00000007c0000000)
  eden space 112128K, 0% used [0x0000000780000000,0x0000000780000000,0x0000000786d80000)
  from space 16384K, 66% used [0x0000000786d80000,0x0000000787812b80,0x0000000787d80000)
  to   space 15872K, 0% used [0x000000078ba80000,0x000000078ba80000,0x000000078ca00000)
 ParOldGen       total 126976K, used 18264K [0x0000000700000000, 0x0000000707c00000, 0x0000000780000000)
  object space 126976K, 14% used [0x0000000700000000,0x00000007011d61f0,0x0000000707c00000)
 Metaspace       used 44498K, capacity 44842K, committed 45312K, reserved 1089536K
  class space    used 4901K, capacity 5009K, committed 5120K, reserved 1048576K
}
Event: 9.164 GC heap before
{Heap before GC invocations=10 (full 2):
 PSYoungGen      total 128512K, used 112457K [0x0000000780000000, 0x000000078ca00000, 0x00000007c0000000)
  eden space 112128K, 90% used [0x0000000780000000,0x000000078633f8a8,0x0000000786d80000)
  from space 16384K, 66% used [0x0000000786d80000,0x0000000787812b80,0x0000000787d80000)
  to   space 15872K, 0% used [0x000000078ba80000,0x000000078ba80000,0x000000078ca00000)
 ParOldGen       total 126976K, used 18264K [0x0000000700000000, 0x0000000707c00000, 0x0000000780000000)
  object space 126976K, 14% used [0x0000000700000000,0x00000007011d61f0,0x0000000707c00000)
 Metaspace       used 58403K, capacity 58637K, committed 59096K, reserved 1101824K
  class space    used 6781K, capacity 6870K, committed 6912K, reserved 1048576K
Event: 9.178 GC heap after
Heap after GC invocations=10 (full 2):
 PSYoungGen      total 182784K, used 13606K [0x0000000780000000, 0x000000078c800000, 0x00000007c0000000)
  eden space 168960K, 0% used [0x0000000780000000,0x0000000780000000,0x000000078a500000)
  from space 13824K, 98% used [0x000000078ba80000,0x000000078c7c99f8,0x000000078c800000)
  to   space 16896K, 0% used [0x000000078a700000,0x000000078a700000,0x000000078b780000)
 ParOldGen       total 126976K, used 18272K [0x0000000700000000, 0x0000000707c00000, 0x0000000780000000)
  object space 126976K, 14% used [0x0000000700000000,0x00000007011d81f0,0x0000000707c00000)
 Metaspace       used 58403K, capacity 58637K, committed 59096K, reserved 1101824K
  class space    used 6781K, capacity 6870K, committed 6912K, reserved 1048576K
}
Event: 9.178 GC heap before
{Heap before GC invocations=11 (full 3):
 PSYoungGen      total 182784K, used 13606K [0x0000000780000000, 0x000000078c800000, 0x00000007c0000000)
  eden space 168960K, 0% used [0x0000000780000000,0x0000000780000000,0x000000078a500000)
  from space 13824K, 98% used [0x000000078ba80000,0x000000078c7c99f8,0x000000078c800000)
  to   space 16896K, 0% used [0x000000078a700000,0x000000078a700000,0x000000078b780000)
 ParOldGen       total 126976K, used 18272K [0x0000000700000000, 0x0000000707c00000, 0x0000000780000000)
  object space 126976K, 14% used [0x0000000700000000,0x00000007011d81f0,0x0000000707c00000)
 Metaspace       used 58403K, capacity 58637K, committed 59096K, reserved 1101824K
  class space    used 6781K, capacity 6870K, committed 6912K, reserved 1048576K
Event: 9.378 GC heap after
Heap after GC invocations=11 (full 3):
 PSYoungGen      total 182784K, used 0K [0x0000000780000000, 0x000000078c800000, 0x00000007c0000000)
  eden space 168960K, 0% used [0x0000000780000000,0x0000000780000000,0x000000078a500000)
  from space 13824K, 0% used [0x000000078ba80000,0x000000078ba80000,0x000000078c800000)
  to   space 16896K, 0% used [0x000000078a700000,0x000000078a700000,0x000000078b780000)
 ParOldGen       total 174080K, used 30696K [0x0000000700000000, 0x000000070aa00000, 0x0000000780000000)
  object space 174080K, 17% used [0x0000000700000000,0x0000000701dfa000,0x000000070aa00000)
 Metaspace       used 58395K, capacity 58629K, committed 59096K, reserved 1101824K
  class space    used 6777K, capacity 6866K, committed 6912K, reserved 1048576K
}
Event: 11.715 GC heap before
{Heap before GC invocations=12 (full 3):
 PSYoungGen      total 182784K, used 168960K [0x0000000780000000, 0x000000078c800000, 0x00000007c0000000)
  eden space 168960K, 100% used [0x0000000780000000,0x000000078a500000,0x000000078a500000)
  from space 13824K, 0% used [0x000000078ba80000,0x000000078ba80000,0x000000078c800000)
  to   space 16896K, 0% used [0x000000078a700000,0x000000078a700000,0x000000078b780000)
 ParOldGen       total 174080K, used 30696K [0x0000000700000000, 0x000000070aa00000, 0x0000000780000000)
  object space 174080K, 17% used [0x0000000700000000,0x0000000701dfa000,0x000000070aa00000)
 Metaspace       used 66642K, capacity 67073K, committed 67544K, reserved 1107968K
  class space    used 8255K, capacity 8380K, committed 8448K, reserved 1048576K
Event: 11.727 GC heap after
Heap after GC invocations=12 (full 3):
 PSYoungGen      total 187904K, used 10462K [0x0000000780000000, 0x000000078ea00000, 0x00000007c0000000)
  eden space 171008K, 0% used [0x0000000780000000,0x0000000780000000,0x000000078a700000)
  from space 16896K, 61% used [0x000000078a700000,0x000000078b137a18,0x000000078b780000)
  to   space 16384K, 0% used [0x000000078da00000,0x000000078da00000,0x000000078ea00000)
 ParOldGen       total 174080K, used 30704K [0x0000000700000000, 0x000000070aa00000, 0x0000000780000000)
  object space 174080K, 17% used [0x0000000700000000,0x0000000701dfc000,0x000000070aa00000)
 Metaspace       used 66642K, capacity 67073K, committed 67544K, reserved 1107968K
  class space    used 8255K, capacity 8380K, committed 8448K, reserved 1048576K
}
Event: 13.662 GC heap before
{Heap before GC invocations=13 (full 3):
 PSYoungGen      total 187904K, used 181470K [0x0000000780000000, 0x000000078ea00000, 0x00000007c0000000)
  eden space 171008K, 100% used [0x0000000780000000,0x000000078a700000,0x000000078a700000)
  from space 16896K, 61% used [0x000000078a700000,0x000000078b137a18,0x000000078b780000)
  to   space 16384K, 0% used [0x000000078da00000,0x000000078da00000,0x000000078ea00000)
 ParOldGen       total 174080K, used 30704K [0x0000000700000000, 0x000000070aa00000, 0x0000000780000000)
  object space 174080K, 17% used [0x0000000700000000,0x0000000701dfc000,0x000000070aa00000)
 Metaspace       used 69667K, capacity 70161K, committed 70616K, reserved 1112064K
  class space    used 8726K, capacity 8868K, committed 8960K, reserved 1048576K
Event: 13.680 GC heap after
Heap after GC invocations=13 (full 3):
 PSYoungGen      total 220160K, used 9581K [0x0000000780000000, 0x000000078e800000, 0x00000007c0000000)
  eden space 205824K, 0% used [0x0000000780000000,0x0000000780000000,0x000000078c900000)
  from space 14336K, 66% used [0x000000078da00000,0x000000078e35b788,0x000000078e800000)
  to   space 15872K, 0% used [0x000000078c900000,0x000000078c900000,0x000000078d880000)
 ParOldGen       total 174080K, used 30712K [0x0000000700000000, 0x000000070aa00000, 0x0000000780000000)
  object space 174080K, 17% used [0x0000000700000000,0x0000000701dfe000,0x000000070aa00000)
 Metaspace       used 69667K, capacity 70161K, committed 70616K, reserved 1112064K
  class space    used 8726K, capacity 8868K, committed 8960K, reserved 1048576K
}

