# JRE version: Java(TM) SE Runtime Environment (8.0_77-b03) (build 1.8.0_77-b03)
# Java VM: Java HotSpot(TM) 64-Bit Server VM (25.77-b03 mixed mode windows-amd64 compressed oops)
Heap:
 PSYoungGen      total 112128K, used 34074K [0x0000000780000000, 0x0000000788280000, 0x00000007c0000000)
  eden space 95744K, 20% used [0x0000000780000000,0x0000000781395d40,0x0000000785d80000)
  from space 16384K, 85% used [0x0000000787280000,0x0000000788030b80,0x0000000788280000)
  to   space 8192K, 0% used [0x0000000785d80000,0x0000000785d80000,0x0000000786580000)
 ParOldGen       total 93696K, used 18952K [0x0000000700000000, 0x0000000705b80000, 0x0000000780000000)
  object space 93696K, 20% used [0x0000000700000000,0x0000000701282210,0x0000000705b80000)
 Metaspace       used 58457K, capacity 58729K, committed 59096K, reserved 1101824K
  class space    used 6816K, capacity 6902K, committed 6912K, reserved 1048576K
GC Heap History (10 events):
Event: 4.503 GC heap before
{Heap before GC invocations=6 (full 1):
 PSYoungGen      total 75776K, used 75435K [0x0000000780000000, 0x0000000786d80000, 0x00000007c0000000)
  eden space 70144K, 100% used [0x0000000780000000,0x0000000784480000,0x0000000784480000)
  from space 5632K, 93% used [0x0000000786800000,0x0000000786d2af20,0x0000000786d80000)
  to   space 8192K, 0% used [0x0000000785d80000,0x0000000785d80000,0x0000000786580000)
 ParOldGen       total 93696K, used 11707K [0x0000000700000000, 0x0000000705b80000, 0x0000000780000000)
  object space 93696K, 12% used [0x0000000700000000,0x0000000700b6ee50,0x0000000705b80000)
 Metaspace       used 34222K, capacity 34470K, committed 34944K, reserved 1081344K
  class space    used 3811K, capacity 3903K, committed 3968K, reserved 1048576K
Event: 4.518 GC heap after
Heap after GC invocations=6 (full 1):
 PSYoungGen      total 103936K, used 8167K [0x0000000780000000, 0x0000000788280000, 0x00000007c0000000)
  eden space 95744K, 0% used [0x0000000780000000,0x0000000780000000,0x0000000785d80000)
  from space 8192K, 99% used [0x0000000785d80000,0x0000000786579d48,0x0000000786580000)
  to   space 16384K, 0% used [0x0000000787280000,0x0000000787280000,0x0000000788280000)
 ParOldGen       total 93696K, used 17104K [0x0000000700000000, 0x0000000705b80000, 0x0000000780000000)
  object space 93696K, 18% used [0x0000000700000000,0x00000007010b42f8,0x0000000705b80000)
 Metaspace       used 34222K, capacity 34470K, committed 34944K, reserved 1081344K
  class space    used 3811K, capacity 3903K, committed 3968K, reserved 1048576K
}
Event: 4.647 GC heap before
{Heap before GC invocations=7 (full 1):
 PSYoungGen      total 103936K, used 17667K [0x0000000780000000, 0x0000000788280000, 0x00000007c0000000)
  eden space 95744K, 9% used [0x0000000780000000,0x0000000780946fe8,0x0000000785d80000)
  from space 8192K, 99% used [0x0000000785d80000,0x0000000786579d48,0x0000000786580000)
  to   space 16384K, 0% used [0x0000000787280000,0x0000000787280000,0x0000000788280000)
 ParOldGen       total 93696K, used 17104K [0x0000000700000000, 0x0000000705b80000, 0x0000000780000000)
  object space 93696K, 18% used [0x0000000700000000,0x00000007010b42f8,0x0000000705b80000)
 Metaspace       used 35025K, capacity 35238K, committed 35456K, reserved 1081344K
  class space    used 3892K, capacity 3967K, committed 3968K, reserved 1048576K
Event: 4.657 GC heap after
Heap after GC invocations=7 (full 1):
 PSYoungGen      total 112128K, used 10421K [0x0000000780000000, 0x0000000788280000, 0x00000007c0000000)
  eden space 95744K, 0% used [0x0000000780000000,0x0000000780000000,0x0000000785d80000)
  from space 16384K, 63% used [0x0000000787280000,0x0000000787cad580,0x0000000788280000)
  to   space 8192K, 0% used [0x0000000785d80000,0x0000000785d80000,0x0000000786580000)
 ParOldGen       total 93696K, used 17112K [0x0000000700000000, 0x0000000705b80000, 0x0000000780000000)
  object space 93696K, 18% used [0x0000000700000000,0x00000007010b62f8,0x0000000705b80000)
 Metaspace       used 35025K, capacity 35238K, committed 35456K, reserved 1081344K
  class space    used 3892K, capacity 3967K, committed 3968K, reserved 1048576K
}
Event: 4.657 GC heap before
{Heap before GC invocations=8 (full 2):
 PSYoungGen      total 112128K, used 10421K [0x0000000780000000, 0x0000000788280000, 0x00000007c0000000)
  eden space 95744K, 0% used [0x0000000780000000,0x0000000780000000,0x0000000785d80000)
  from space 16384K, 63% used [0x0000000787280000,0x0000000787cad580,0x0000000788280000)
  to   space 8192K, 0% used [0x0000000785d80000,0x0000000785d80000,0x0000000786580000)
 ParOldGen       total 93696K, used 17112K [0x0000000700000000, 0x0000000705b80000, 0x0000000780000000)
  object space 93696K, 18% used [0x0000000700000000,0x00000007010b62f8,0x0000000705b80000)
 Metaspace       used 35025K, capacity 35238K, committed 35456K, reserved 1081344K
  class space    used 3892K, capacity 3967K, committed 3968K, reserved 1048576K
Event: 4.747 GC heap after
Heap after GC invocations=8 (full 2):
 PSYoungGen      total 112128K, used 0K [0x0000000780000000, 0x0000000788280000, 0x00000007c0000000)
  eden space 95744K, 0% used [0x0000000780000000,0x0000000780000000,0x0000000785d80000)
  from space 16384K, 0% used [0x0000000787280000,0x0000000787280000,0x0000000788280000)
  to   space 8192K, 0% used [0x0000000785d80000,0x0000000785d80000,0x0000000786580000)
 ParOldGen       total 93696K, used 18829K [0x0000000700000000, 0x0000000705b80000, 0x0000000780000000)
  object space 93696K, 20% used [0x0000000700000000,0x0000000701263498,0x0000000705b80000)
 Metaspace       used 35025K, capacity 35238K, committed 35456K, reserved 1081344K
  class space    used 3892K, capacity 3967K, committed 3968K, reserved 1048576K
}
Event: 6.302 GC heap before
{Heap before GC invocations=9 (full 2):
 PSYoungGen      total 112128K, used 95744K [0x0000000780000000, 0x0000000788280000, 0x00000007c0000000)
  eden space 95744K, 100% used [0x0000000780000000,0x0000000785d80000,0x0000000785d80000)
  from space 16384K, 0% used [0x0000000787280000,0x0000000787280000,0x0000000788280000)
  to   space 8192K, 0% used [0x0000000785d80000,0x0000000785d80000,0x0000000786580000)
 ParOldGen       total 93696K, used 18829K [0x0000000700000000, 0x0000000705b80000, 0x0000000780000000)
  object space 93696K, 20% used [0x0000000700000000,0x0000000701263498,0x0000000705b80000)
 Metaspace       used 43075K, capacity 43346K, committed 43904K, reserved 1087488K
  class space    used 4801K, capacity 4876K, committed 4992K, reserved 1048576K
Event: 6.308 GC heap after
Heap after GC invocations=9 (full 2):
 PSYoungGen      total 103936K, used 8179K [0x0000000780000000, 0x0000000788280000, 0x00000007c0000000)
  eden space 95744K, 0% used [0x0000000780000000,0x0000000780000000,0x0000000785d80000)
  from space 8192K, 99% used [0x0000000785d80000,0x000000078657ccd8,0x0000000786580000)
  to   space 16384K, 0% used [0x0000000787280000,0x0000000787280000,0x0000000788280000)
 ParOldGen       total 93696K, used 18880K [0x0000000700000000, 0x0000000705b80000, 0x0000000780000000)
  object space 93696K, 20% used [0x0000000700000000,0x0000000701270200,0x0000000705b80000)
 Metaspace       used 43075K, capacity 43346K, committed 43904K, reserved 1087488K
  class space    used 4801K, capacity 4876K, committed 4992K, reserved 1048576K
}
Event: 8.268 GC heap before
{Heap before GC invocations=10 (full 2):
 PSYoungGen      total 103936K, used 103923K [0x0000000780000000, 0x0000000788280000, 0x00000007c0000000)
  eden space 95744K, 100% used [0x0000000780000000,0x0000000785d80000,0x0000000785d80000)
  from space 8192K, 99% used [0x0000000785d80000,0x000000078657ccd8,0x0000000786580000)
  to   space 16384K, 0% used [0x0000000787280000,0x0000000787280000,0x0000000788280000)
 ParOldGen       total 93696K, used 18880K [0x0000000700000000, 0x0000000705b80000, 0x0000000780000000)
  object space 93696K, 20% used [0x0000000700000000,0x0000000701270200,0x0000000705b80000)
 Metaspace       used 55003K, capacity 55337K, committed 55808K, reserved 1097728K
  class space    used 6474K, capacity 6582K, committed 6656K, reserved 1048576K
Event: 8.279 GC heap after
Heap after GC invocations=10 (full 2):
 PSYoungGen      total 112128K, used 14018K [0x0000000780000000, 0x0000000788280000, 0x00000007c0000000)
  eden space 95744K, 0% used [0x0000000780000000,0x0000000780000000,0x0000000785d80000)
  from space 16384K, 85% used [0x0000000787280000,0x0000000788030b80,0x0000000788280000)
  to   space 8192K, 0% used [0x0000000785d80000,0x0000000785d80000,0x0000000786580000)
 ParOldGen       total 93696K, used 18952K [0x0000000700000000, 0x0000000705b80000, 0x0000000780000000)
  object space 93696K, 20% used [0x0000000700000000,0x0000000701282210,0x0000000705b80000)
 Metaspace       used 55003K, capacity 55337K, committed 55808K, reserved 1097728K
  class space    used 6474K, capacity 6582K, committed 6656K, reserved 1048576K
}

