# JRE version: Java(TM) SE Runtime Environment (8.0_77-b03) (build 1.8.0_77-b03)
# Java VM: Java HotSpot(TM) 64-Bit Server VM (25.77-b03 mixed mode windows-amd64 compressed oops)
Heap:
 PSYoungGen      total 157696K, used 107718K [0x0000000780000000, 0x000000078d080000, 0x00000007c0000000)
  eden space 140800K, 76% used [0x0000000780000000,0x0000000786931ad0,0x0000000788980000)
  from space 16896K, 0% used [0x0000000788980000,0x0000000788980000,0x0000000789a00000)
  to   space 16384K, 0% used [0x000000078c080000,0x000000078c080000,0x000000078d080000)
 ParOldGen       total 186368K, used 25681K [0x0000000700000000, 0x000000070b600000, 0x0000000780000000)
  object space 186368K, 13% used [0x0000000700000000,0x00000007019144f8,0x000000070b600000)
 Metaspace       used 64772K, capacity 65277K, committed 65624K, reserved 1105920K
  class space    used 8105K, capacity 8252K, committed 8320K, reserved 1048576K
GC Heap History (10 events):
Event: 3.916 GC heap before
{Heap before GC invocations=8 (full 2):
 PSYoungGen      total 114176K, used 10363K [0x0000000780000000, 0x000000078b580000, 0x00000007c0000000)
  eden space 97792K, 0% used [0x0000000780000000,0x0000000780000000,0x0000000785f80000)
  from space 16384K, 63% used [0x0000000786f00000,0x000000078791ee88,0x0000000787f00000)
  to   space 15872K, 0% used [0x0000000785f80000,0x0000000785f80000,0x0000000786f00000)
 ParOldGen       total 93696K, used 17147K [0x0000000700000000, 0x0000000705b80000, 0x0000000780000000)
  object space 93696K, 18% used [0x0000000700000000,0x00000007010bef60,0x0000000705b80000)
 Metaspace       used 35024K, capacity 35238K, committed 35456K, reserved 1081344K
  class space    used 3886K, capacity 3967K, committed 3968K, reserved 1048576K
Event: 3.994 GC heap after
Heap after GC invocations=8 (full 2):
 PSYoungGen      total 114176K, used 0K [0x0000000780000000, 0x000000078b580000, 0x00000007c0000000)
  eden space 97792K, 0% used [0x0000000780000000,0x0000000780000000,0x0000000785f80000)
  from space 16384K, 0% used [0x0000000786f00000,0x0000000786f00000,0x0000000787f00000)
  to   space 15872K, 0% used [0x0000000785f80000,0x0000000785f80000,0x0000000786f00000)
 ParOldGen       total 140288K, used 18792K [0x0000000700000000, 0x0000000708900000, 0x0000000780000000)
  object space 140288K, 13% used [0x0000000700000000,0x000000070125a310,0x0000000708900000)
 Metaspace       used 35024K, capacity 35238K, committed 35456K, reserved 1081344K
  class space    used 3886K, capacity 3967K, committed 3968K, reserved 1048576K
}
Event: 5.109 GC heap before
{Heap before GC invocations=9 (full 2):
 PSYoungGen      total 114176K, used 97792K [0x0000000780000000, 0x000000078b580000, 0x00000007c0000000)
  eden space 97792K, 100% used [0x0000000780000000,0x0000000785f80000,0x0000000785f80000)
  from space 16384K, 0% used [0x0000000786f00000,0x0000000786f00000,0x0000000787f00000)
  to   space 15872K, 0% used [0x0000000785f80000,0x0000000785f80000,0x0000000786f00000)
 ParOldGen       total 140288K, used 18792K [0x0000000700000000, 0x0000000708900000, 0x0000000780000000)
  object space 140288K, 13% used [0x0000000700000000,0x000000070125a310,0x0000000708900000)
 Metaspace       used 43140K, capacity 43410K, committed 43904K, reserved 1087488K
  class space    used 4801K, capacity 4876K, committed 4992K, reserved 1048576K
Event: 5.124 GC heap after
Heap after GC invocations=9 (full 2):
 PSYoungGen      total 113664K, used 8416K [0x0000000780000000, 0x000000078aa80000, 0x00000007c0000000)
  eden space 97792K, 0% used [0x0000000780000000,0x0000000780000000,0x0000000785f80000)
  from space 15872K, 53% used [0x0000000785f80000,0x00000007867b83f8,0x0000000786f00000)
  to   space 15360K, 0% used [0x0000000789b80000,0x0000000789b80000,0x000000078aa80000)
 ParOldGen       total 140288K, used 18800K [0x0000000700000000, 0x0000000708900000, 0x0000000780000000)
  object space 140288K, 13% used [0x0000000700000000,0x000000070125c310,0x0000000708900000)
 Metaspace       used 43140K, capacity 43410K, committed 43904K, reserved 1087488K
  class space    used 4801K, capacity 4876K, committed 4992K, reserved 1048576K
}
Event: 6.852 GC heap before
{Heap before GC invocations=10 (full 2):
 PSYoungGen      total 113664K, used 106208K [0x0000000780000000, 0x000000078aa80000, 0x00000007c0000000)
  eden space 97792K, 100% used [0x0000000780000000,0x0000000785f80000,0x0000000785f80000)
  from space 15872K, 53% used [0x0000000785f80000,0x00000007867b83f8,0x0000000786f00000)
  to   space 15360K, 0% used [0x0000000789b80000,0x0000000789b80000,0x000000078aa80000)
 ParOldGen       total 140288K, used 18800K [0x0000000700000000, 0x0000000708900000, 0x0000000780000000)
  object space 140288K, 13% used [0x0000000700000000,0x000000070125c310,0x0000000708900000)
 Metaspace       used 56597K, capacity 56905K, committed 57472K, reserved 1099776K
  class space    used 6631K, capacity 6742K, committed 6784K, reserved 1048576K
Event: 6.879 GC heap after
Heap after GC invocations=10 (full 2):
 PSYoungGen      total 156160K, used 14216K [0x0000000780000000, 0x000000078aa80000, 0x00000007c0000000)
  eden space 140800K, 0% used [0x0000000780000000,0x0000000780000000,0x0000000788980000)
  from space 15360K, 92% used [0x0000000789b80000,0x000000078a9620a0,0x000000078aa80000)
  to   space 16896K, 0% used [0x0000000788980000,0x0000000788980000,0x0000000789a00000)
 ParOldGen       total 140288K, used 18800K [0x0000000700000000, 0x0000000708900000, 0x0000000780000000)
  object space 140288K, 13% used [0x0000000700000000,0x000000070125c310,0x0000000708900000)
 Metaspace       used 56597K, capacity 56905K, committed 57472K, reserved 1099776K
  class space    used 6631K, capacity 6742K, committed 6784K, reserved 1048576K
}
Event: 7.067 GC heap before
{Heap before GC invocations=11 (full 2):
 PSYoungGen      total 156160K, used 27816K [0x0000000780000000, 0x000000078aa80000, 0x00000007c0000000)
  eden space 140800K, 9% used [0x0000000780000000,0x0000000780d48208,0x0000000788980000)
  from space 15360K, 92% used [0x0000000789b80000,0x000000078a9620a0,0x000000078aa80000)
  to   space 16896K, 0% used [0x0000000788980000,0x0000000788980000,0x0000000789a00000)
 ParOldGen       total 140288K, used 18800K [0x0000000700000000, 0x0000000708900000, 0x0000000780000000)
  object space 140288K, 13% used [0x0000000700000000,0x000000070125c310,0x0000000708900000)
 Metaspace       used 58490K, capacity 58729K, committed 59096K, reserved 1101824K
  class space    used 6820K, capacity 6902K, committed 6912K, reserved 1048576K
Event: 7.075 GC heap after
Heap after GC invocations=11 (full 2):
 PSYoungGen      total 157696K, used 8123K [0x0000000780000000, 0x000000078d080000, 0x00000007c0000000)
  eden space 140800K, 0% used [0x0000000780000000,0x0000000780000000,0x0000000788980000)
  from space 16896K, 48% used [0x0000000788980000,0x000000078916ede0,0x0000000789a00000)
  to   space 16384K, 0% used [0x000000078c080000,0x000000078c080000,0x000000078d080000)
 ParOldGen       total 140288K, used 18872K [0x0000000700000000, 0x0000000708900000, 0x0000000780000000)
  object space 140288K, 13% used [0x0000000700000000,0x000000070126e320,0x0000000708900000)
 Metaspace       used 58490K, capacity 58729K, committed 59096K, reserved 1101824K
  class space    used 6820K, capacity 6902K, committed 6912K, reserved 1048576K
}
Event: 7.075 GC heap before
{Heap before GC invocations=12 (full 3):
 PSYoungGen      total 157696K, used 8123K [0x0000000780000000, 0x000000078d080000, 0x00000007c0000000)
  eden space 140800K, 0% used [0x0000000780000000,0x0000000780000000,0x0000000788980000)
  from space 16896K, 48% used [0x0000000788980000,0x000000078916ede0,0x0000000789a00000)
  to   space 16384K, 0% used [0x000000078c080000,0x000000078c080000,0x000000078d080000)
 ParOldGen       total 140288K, used 18872K [0x0000000700000000, 0x0000000708900000, 0x0000000780000000)
  object space 140288K, 13% used [0x0000000700000000,0x000000070126e320,0x0000000708900000)
 Metaspace       used 58490K, capacity 58729K, committed 59096K, reserved 1101824K
  class space    used 6820K, capacity 6902K, committed 6912K, reserved 1048576K
Event: 7.235 GC heap after
Heap after GC invocations=12 (full 3):
 PSYoungGen      total 157696K, used 0K [0x0000000780000000, 0x000000078d080000, 0x00000007c0000000)
  eden space 140800K, 0% used [0x0000000780000000,0x0000000780000000,0x0000000788980000)
  from space 16896K, 0% used [0x0000000788980000,0x0000000788980000,0x0000000789a00000)
  to   space 16384K, 0% used [0x000000078c080000,0x000000078c080000,0x000000078d080000)
 ParOldGen       total 186368K, used 25681K [0x0000000700000000, 0x000000070b600000, 0x0000000780000000)
  object space 186368K, 13% used [0x0000000700000000,0x00000007019144f8,0x000000070b600000)
 Metaspace       used 58483K, capacity 58721K, committed 59096K, reserved 1101824K
  class space    used 6816K, capacity 6898K, committed 6912K, reserved 1048576K
}

