# JRE version: Java(TM) SE Runtime Environment (8.0_77-b03) (build 1.8.0_77-b03)
# Java VM: Java HotSpot(TM) 64-Bit Server VM (25.77-b03 mixed mode windows-amd64 compressed oops)
Heap:
 PSYoungGen      total 112128K, used 15629K [0x0000000780000000, 0x0000000788080000, 0x00000007c0000000)
  eden space 95744K, 16% used [0x0000000780000000,0x0000000780f434d8,0x0000000785d80000)
  from space 16384K, 0% used [0x0000000787080000,0x0000000787080000,0x0000000788080000)
  to   space 8192K, 0% used [0x0000000785d80000,0x0000000785d80000,0x0000000786580000)
 ParOldGen       total 91648K, used 18390K [0x0000000700000000, 0x0000000705980000, 0x0000000780000000)
  object space 91648K, 20% used [0x0000000700000000,0x00000007011f5a98,0x0000000705980000)
 Metaspace       used 37025K, capacity 37290K, committed 37760K, reserved 1083392K
  class space    used 4060K, capacity 4159K, committed 4224K, reserved 1048576K
GC Heap History (10 events):
Event: 2.705 GC heap before
{Heap before GC invocations=4 (full 1):
 PSYoungGen      total 57344K, used 8177K [0x0000000780000000, 0x0000000787000000, 0x00000007c0000000)
  eden space 49152K, 0% used [0x0000000780000000,0x0000000780000000,0x0000000783000000)
  from space 8192K, 99% used [0x0000000783000000,0x00000007837fc5c8,0x0000000783800000)
  to   space 8192K, 0% used [0x0000000786800000,0x0000000786800000,0x0000000787000000)
 ParOldGen       total 131072K, used 4980K [0x0000000700000000, 0x0000000708000000, 0x0000000780000000)
  object space 131072K, 3% used [0x0000000700000000,0x00000007004dd1e0,0x0000000708000000)
 Metaspace       used 20873K, capacity 21040K, committed 21296K, reserved 1069056K
  class space    used 2333K, capacity 2416K, committed 2432K, reserved 1048576K
Event: 2.752 GC heap after
Heap after GC invocations=4 (full 1):
 PSYoungGen      total 57344K, used 0K [0x0000000780000000, 0x0000000787000000, 0x00000007c0000000)
  eden space 49152K, 0% used [0x0000000780000000,0x0000000780000000,0x0000000783000000)
  from space 8192K, 0% used [0x0000000783000000,0x0000000783000000,0x0000000783800000)
  to   space 8192K, 0% used [0x0000000786800000,0x0000000786800000,0x0000000787000000)
 ParOldGen       total 91648K, used 11550K [0x0000000700000000, 0x0000000705980000, 0x0000000780000000)
  object space 91648K, 12% used [0x0000000700000000,0x0000000700b47bb8,0x0000000705980000)
 Metaspace       used 20873K, capacity 21040K, committed 21296K, reserved 1069056K
  class space    used 2333K, capacity 2416K, committed 2432K, reserved 1048576K
}
Event: 3.393 GC heap before
{Heap before GC invocations=5 (full 1):
 PSYoungGen      total 57344K, used 49152K [0x0000000780000000, 0x0000000787000000, 0x00000007c0000000)
  eden space 49152K, 100% used [0x0000000780000000,0x0000000783000000,0x0000000783000000)
  from space 8192K, 0% used [0x0000000783000000,0x0000000783000000,0x0000000783800000)
  to   space 8192K, 0% used [0x0000000786800000,0x0000000786800000,0x0000000787000000)
 ParOldGen       total 91648K, used 11550K [0x0000000700000000, 0x0000000705980000, 0x0000000780000000)
  object space 91648K, 12% used [0x0000000700000000,0x0000000700b47bb8,0x0000000705980000)
 Metaspace       used 28035K, capacity 28306K, committed 28544K, reserved 1075200K
  class space    used 3102K, capacity 3195K, committed 3200K, reserved 1048576K
Event: 3.397 GC heap after
Heap after GC invocations=5 (full 1):
 PSYoungGen      total 75776K, used 5296K [0x0000000780000000, 0x0000000786d80000, 0x00000007c0000000)
  eden space 70144K, 0% used [0x0000000780000000,0x0000000780000000,0x0000000784480000)
  from space 5632K, 94% used [0x0000000786800000,0x0000000786d2c248,0x0000000786d80000)
  to   space 8192K, 0% used [0x0000000785d80000,0x0000000785d80000,0x0000000786580000)
 ParOldGen       total 91648K, used 11622K [0x0000000700000000, 0x0000000705980000, 0x0000000780000000)
  object space 91648K, 12% used [0x0000000700000000,0x0000000700b59bc8,0x0000000705980000)
 Metaspace       used 28035K, capacity 28306K, committed 28544K, reserved 1075200K
  class space    used 3102K, capacity 3195K, committed 3200K, reserved 1048576K
}
Event: 4.347 GC heap before
{Heap before GC invocations=6 (full 1):
 PSYoungGen      total 75776K, used 75440K [0x0000000780000000, 0x0000000786d80000, 0x00000007c0000000)
  eden space 70144K, 100% used [0x0000000780000000,0x0000000784480000,0x0000000784480000)
  from space 5632K, 94% used [0x0000000786800000,0x0000000786d2c248,0x0000000786d80000)
  to   space 8192K, 0% used [0x0000000785d80000,0x0000000785d80000,0x0000000786580000)
 ParOldGen       total 91648K, used 11622K [0x0000000700000000, 0x0000000705980000, 0x0000000780000000)
  object space 91648K, 12% used [0x0000000700000000,0x0000000700b59bc8,0x0000000705980000)
 Metaspace       used 34546K, capacity 34794K, committed 35200K, reserved 1081344K
  class space    used 3811K, capacity 3903K, committed 3968K, reserved 1048576K
Event: 4.357 GC heap after
Heap after GC invocations=6 (full 1):
 PSYoungGen      total 103936K, used 8176K [0x0000000780000000, 0x0000000788080000, 0x00000007c0000000)
  eden space 95744K, 0% used [0x0000000780000000,0x0000000780000000,0x0000000785d80000)
  from space 8192K, 99% used [0x0000000785d80000,0x000000078657c110,0x0000000786580000)
  to   space 16384K, 0% used [0x0000000787080000,0x0000000787080000,0x0000000788080000)
 ParOldGen       total 91648K, used 16762K [0x0000000700000000, 0x0000000705980000, 0x0000000780000000)
  object space 91648K, 18% used [0x0000000700000000,0x000000070105e978,0x0000000705980000)
 Metaspace       used 34546K, capacity 34794K, committed 35200K, reserved 1081344K
  class space    used 3811K, capacity 3903K, committed 3968K, reserved 1048576K
}
Event: 4.444 GC heap before
{Heap before GC invocations=7 (full 1):
 PSYoungGen      total 103936K, used 15933K [0x0000000780000000, 0x0000000788080000, 0x00000007c0000000)
  eden space 95744K, 8% used [0x0000000780000000,0x00000007807933f0,0x0000000785d80000)
  from space 8192K, 99% used [0x0000000785d80000,0x000000078657c110,0x0000000786580000)
  to   space 16384K, 0% used [0x0000000787080000,0x0000000787080000,0x0000000788080000)
 ParOldGen       total 91648K, used 16762K [0x0000000700000000, 0x0000000705980000, 0x0000000780000000)
  object space 91648K, 18% used [0x0000000700000000,0x000000070105e978,0x0000000705980000)
 Metaspace       used 34915K, capacity 35146K, committed 35456K, reserved 1081344K
  class space    used 3848K, capacity 3935K, committed 3968K, reserved 1048576K
Event: 4.456 GC heap after
Heap after GC invocations=7 (full 1):
 PSYoungGen      total 112128K, used 10159K [0x0000000780000000, 0x0000000788080000, 0x00000007c0000000)
  eden space 95744K, 0% used [0x0000000780000000,0x0000000780000000,0x0000000785d80000)
  from space 16384K, 62% used [0x0000000787080000,0x0000000787a6bff8,0x0000000788080000)
  to   space 8192K, 0% used [0x0000000785d80000,0x0000000785d80000,0x0000000786580000)
 ParOldGen       total 91648K, used 16770K [0x0000000700000000, 0x0000000705980000, 0x0000000780000000)
  object space 91648K, 18% used [0x0000000700000000,0x0000000701060978,0x0000000705980000)
 Metaspace       used 34915K, capacity 35146K, committed 35456K, reserved 1081344K
  class space    used 3848K, capacity 3935K, committed 3968K, reserved 1048576K
}
Event: 4.456 GC heap before
{Heap before GC invocations=8 (full 2):
 PSYoungGen      total 112128K, used 10159K [0x0000000780000000, 0x0000000788080000, 0x00000007c0000000)
  eden space 95744K, 0% used [0x0000000780000000,0x0000000780000000,0x0000000785d80000)
  from space 16384K, 62% used [0x0000000787080000,0x0000000787a6bff8,0x0000000788080000)
  to   space 8192K, 0% used [0x0000000785d80000,0x0000000785d80000,0x0000000786580000)
 ParOldGen       total 91648K, used 16770K [0x0000000700000000, 0x0000000705980000, 0x0000000780000000)
  object space 91648K, 18% used [0x0000000700000000,0x0000000701060978,0x0000000705980000)
 Metaspace       used 34915K, capacity 35146K, committed 35456K, reserved 1081344K
  class space    used 3848K, capacity 3935K, committed 3968K, reserved 1048576K
Event: 4.525 GC heap after
Heap after GC invocations=8 (full 2):
 PSYoungGen      total 112128K, used 0K [0x0000000780000000, 0x0000000788080000, 0x00000007c0000000)
  eden space 95744K, 0% used [0x0000000780000000,0x0000000780000000,0x0000000785d80000)
  from space 16384K, 0% used [0x0000000787080000,0x0000000787080000,0x0000000788080000)
  to   space 8192K, 0% used [0x0000000785d80000,0x0000000785d80000,0x0000000786580000)
 ParOldGen       total 91648K, used 18390K [0x0000000700000000, 0x0000000705980000, 0x0000000780000000)
  object space 91648K, 20% used [0x0000000700000000,0x00000007011f5a98,0x0000000705980000)
 Metaspace       used 34915K, capacity 35146K, committed 35456K, reserved 1081344K
  class space    used 3848K, capacity 3935K, committed 3968K, reserved 1048576K
}

